2015-04-25 21:41:28 [127.0.0.1][-][-][error][yii\web\HttpException:404] exception 'yii\base\InvalidRouteException' with message 'Unable to resolve the request "css/sitetest.css".' in E:\OpenServer\domains\yii2.loc\vendor\yiisoft\yii2\base\Module.php:461
Stack trace:
#0 E:\OpenServer\domains\yii2.loc\vendor\yiisoft\yii2\web\Application.php(83): yii\base\Module->runAction('css/sitetest.cs...', Array)
#1 E:\OpenServer\domains\yii2.loc\vendor\yiisoft\yii2\base\Application.php(375): yii\web\Application->handleRequest(Object(app\cms\components\LangRequest))
#2 E:\OpenServer\domains\yii2.loc\web\index.php(12): yii\base\Application->run()
#3 {main}

Next exception 'yii\web\NotFoundHttpException' with message 'Страница не найдена.' in E:\OpenServer\domains\yii2.loc\vendor\yiisoft\yii2\web\Application.php:95
Stack trace:
#0 E:\OpenServer\domains\yii2.loc\vendor\yiisoft\yii2\base\Application.php(375): yii\web\Application->handleRequest(Object(app\cms\components\LangRequest))
#1 E:\OpenServer\domains\yii2.loc\web\index.php(12): yii\base\Application->run()
#2 {main}
2015-04-25 21:41:28 [127.0.0.1][-][-][info][application] $_COOKIE = [
    '_language' => '664b0e5e88a8c43bf20141c2ba5a68e0710664ecb47136b31d1b3f314696172aa:2:{i:0;s:9:\"_language\";i:1;s:2:\"en\";}'
    '_csrf' => '0490f9c466aa288a8145a55677260838679b8482e22193cc454bad00ceda2c15a:2:{i:0;s:5:\"_csrf\";i:1;s:32:\"NkjKDgNxfovksw3UckksTeifNvukypy2\";}'
]

$_SERVER = [
    'REDIRECT_REDIRECT_STATUS' => '200'
    'REDIRECT_STATUS' => '200'
    'HTTP_HOST' => 'yii2.loc'
    'HTTP_USER_AGENT' => 'Mozilla/5.0 (Windows NT 6.1; WOW64; rv:37.0) Gecko/20100101 Firefox/37.0'
    'HTTP_ACCEPT' => 'text/css,*/*;q=0.1'
    'HTTP_ACCEPT_LANGUAGE' => 'ru-RU,ru;q=0.8,en-US;q=0.5,en;q=0.3'
    'HTTP_ACCEPT_ENCODING' => 'gzip, deflate'
    'HTTP_REFERER' => 'http://yii2.loc/'
    'HTTP_COOKIE' => '_language=664b0e5e88a8c43bf20141c2ba5a68e0710664ecb47136b31d1b3f314696172aa%3A2%3A%7Bi%3A0%3Bs%3A9%3A%22_language%22%3Bi%3A1%3Bs%3A2%3A%22en%22%3B%7D; _csrf=0490f9c466aa288a8145a55677260838679b8482e22193cc454bad00ceda2c15a%3A2%3A%7Bi%3A0%3Bs%3A5%3A%22_csrf%22%3Bi%3A1%3Bs%3A32%3A%22NkjKDgNxfovksw3UckksTeifNvukypy2%22%3B%7D'
    'HTTP_CONNECTION' => 'keep-alive'
    'PATH' => 'e:\\openserver\\modules\\php\\PHP-5.4\\ext;e:\\openserver\\modules\\php\\PHP-5.4\\pear;e:\\openserver\\modules\\php\\PHP-5.4\\pear\\bin;e:\\openserver\\modules\\php\\PHP-5.4;e:\\openserver\\modules\\imagemagick;e:\\openserver\\modules\\wget\\bin;e:\\openserver\\modules\\git;e:\\openserver\\modules\\git\\bin;e:\\openserver\\modules\\git\\mingw\\bin;e:\\openserver\\modules\\git\\cmd;e:\\openserver\\modules\\database\\MySQL-5.5\\bin;e:\\openserver\\modules\\http\\Apache-2.2\\bin;e:\\openserver\\modules\\http\\Apache-2.2;C:\\Windows\\system32;C:\\Windows;C:\\Windows\\system32\\Wbem;C:\\Windows\\SysWOW64;C:\\ProgramData\\Oracle\\Java\\javapath;C:\\Windows\\system32;C:\\Windows;C:\\Windows\\System32\\Wbem;C:\\Windows\\System32\\WindowsPowerShell\\v1.0\\;E:\\OpenServer\\domains\\modules\\phpunit'
    'SystemRoot' => 'C:\\Windows'
    'COMSPEC' => 'C:\\Windows\\system32\\cmd.exe'
    'PATHEXT' => '.COM;.EXE;.BAT;.CMD;.VBS;.VBE;.JS;.JSE;.WSF;.WSH;.MSC'
    'WINDIR' => 'C:\\Windows'
    'SERVER_SIGNATURE' => ''
    'SERVER_SOFTWARE' => 'Apache/2.2.29 (Win32)'
    'SERVER_NAME' => 'yii2.loc'
    'SERVER_ADDR' => '127.0.0.1'
    'SERVER_PORT' => '80'
    'REMOTE_ADDR' => '127.0.0.1'
    'DOCUMENT_ROOT' => 'E:/OpenServer/domains/yii2.loc'
    'SERVER_ADMIN' => '[no address given]'
    'SCRIPT_FILENAME' => 'E:/OpenServer/domains/yii2.loc/web/index.php'
    'REMOTE_PORT' => '1568'
    'REDIRECT_URL' => '/web/css/sitetest.css'
    'GATEWAY_INTERFACE' => 'CGI/1.1'
    'SERVER_PROTOCOL' => 'HTTP/1.1'
    'REQUEST_METHOD' => 'GET'
    'QUERY_STRING' => ''
    'REQUEST_URI' => '/css/sitetest.css'
    'SCRIPT_NAME' => '/web/index.php'
    'PHP_SELF' => '/web/index.php'
    'REQUEST_TIME_FLOAT' => 1429987288.548
    'REQUEST_TIME' => 1429987288
    'argv' => []
    'argc' => 0
]
